<?xml version="1.0" encoding="UTF-8"?>
<!-- Generated by org.testng.reporters.JUnitReportReporter -->
<testsuite hostname="DESKTOP-N49SNF9" failures="0" tests="1" name="ImdbTesting" time="17.462" errors="0" timestamp="2020-03-07T21:29:42 EET" skipped="0">
  <testcase classname="ImdbTesting" name="tc0001" time="17.462"/>
  <system-out/>
</testsuite> <!-- ImdbTesting -->
